import time: self [us] | cumulative | imported package
import time:       241 |        241 |   _io
import time:        32 |         32 |   marshal
import time:       273 |        273 |   posix
import time:       393 |        938 | _frozen_importlib_external
import time:        90 |         90 |   time
import time:        96 |        186 | zipimport
import time:        43 |         43 |     _codecs
import time:       257 |        299 |   codecs
import time:       435 |        435 |   encodings.aliases
import time:       504 |       1238 | encodings
import time:       172 |        172 | encodings.utf_8
import time:        82 |         82 | _signal
import time:        24 |         24 |     _abc
import time:        94 |        118 |   abc
import time:       115 |        233 | io
import time:        35 |         35 |       _stat
import time:        47 |         82 |     stat
import time:       656 |        656 |     _collections_abc
import time:        30 |         30 |       genericpath
import time:        69 |         99 |     posixpath
import time:       273 |       1109 |   os
import time:        59 |         59 |   _sitebuiltins
import time:       186 |        186 |     apport_python_hook
import time:       108 |        293 |   sitecustomize
import time:       438 |       1898 | site
import time:       197 |        197 |     itertools
import time:       169 |        169 |     keyword
import time:        72 |         72 |       _operator
import time:       315 |        387 |     operator
import time:       176 |        176 |     reprlib
import time:        59 |         59 |     _collections
import time:       703 |       1688 |   collections
import time:       245 |        245 |         types
import time:        55 |         55 |           _functools
import time:       566 |        621 |         functools
import time:      1121 |       1986 |       enum
import time:        77 |         77 |         _sre
import time:       309 |        309 |           re._constants
import time:       352 |        661 |         re._parser
import time:       107 |        107 |         re._casefix
import time:       414 |       1258 |       re._compiler
import time:       147 |        147 |       copyreg
import time:       460 |       3849 |     re
import time:       168 |        168 |         _weakrefset
import time:       415 |        582 |       weakref
import time:       170 |        752 |     copy
import time:      3447 |       3447 |         _ast
import time:      1492 |       1492 |         contextlib
import time:      1374 |       6312 |       ast
import time:        41 |         41 |           _opcode
import time:       378 |        419 |         opcode
import time:       729 |       1147 |       dis
import time:       163 |        163 |       collections.abc
import time:       250 |        250 |           warnings
import time:       133 |        382 |         importlib
import time:        46 |        427 |       importlib.machinery
import time:       164 |        164 |           token
import time:        35 |         35 |           _tokenize
import time:       837 |       1035 |         tokenize
import time:       127 |       1162 |       linecache
import time:      1876 |      11085 |     inspect
import time:       657 |      16341 |   dataclasses
import time:       398 |      18426 | pprint
import time:       159 |        159 |   fnmatch
import time:        56 |         56 |   errno
import time:       101 |        101 |   zlib
import time:       167 |        167 |     _compression
import time:       285 |        285 |     _bz2
import time:       212 |        663 |   bz2
import time:       300 |        300 |     _lzma
import time:       342 |        641 |   lzma
import time:       679 |       2296 | shutil
import time:       304 |        304 | glob
import time:        95 |         95 |   _datetime
import time:       110 |        205 | datetime
import time:       655 |        655 |   gettext
import time:       906 |       1560 | argparse
import time:       861 |        861 |       textwrap
import time:       534 |       1395 |     traceback
import time:        30 |         30 |       _string
import time:       557 |        586 |     string
import time:       571 |        571 |     threading
import time:        44 |         44 |     atexit
import time:      1607 |       4200 |   logging
import time:       135 |        135 |     __future__
import time:       367 |        367 |           numbers
import time:       596 |        962 |         _decimal
import time:       101 |       1062 |       decimal
import time:        66 |         66 |       math
import time:       956 |       2084 |     fractions
import time:      1648 |       1648 |       h5py._errors
import time:       668 |        668 |           h5py.defs
import time:        40 |         40 |             gc
import time:       334 |        374 |           h5py._objects
import time:       138 |        138 |           h5py.h5py_warnings
import time:       291 |       1469 |         h5py.h5
import time:        88 |         88 |               numpy._utils._convertions
import time:        84 |        171 |             numpy._utils
import time:       254 |        425 |           numpy._globals
import time:       191 |        191 |           numpy.exceptions
import time:        86 |         86 |           numpy.version
import time:        25 |         25 |             numpy._distributor_init_local
import time:        79 |        103 |           numpy._distributor_init
import time:       120 |        120 |                     numpy._utils._inspect
import time:       520 |        520 |                       numpy.core._exceptions
import time:      1195 |       1195 |                       numpy.dtypes
import time:      7540 |       9253 |                     numpy.core._multiarray_umath
import time:       393 |       9765 |                   numpy.core.overrides
import time:       646 |      10410 |                 numpy.core.multiarray
import time:       250 |        250 |                 numpy.core.umath
import time:       165 |        165 |                   numpy.core._string_helpers
import time:       327 |        327 |                             urllib
import time:      1609 |       1609 |                             ipaddress
import time:      1409 |       3343 |                           urllib.parse
import time:        77 |         77 |                             _winapi
import time:        65 |         65 |                             nt
import time:        60 |         60 |                             nt
import time:        58 |         58 |                             nt
import time:        59 |         59 |                             nt
import time:        58 |         58 |                             nt
import time:        58 |         58 |                             nt
import time:       363 |        794 |                           ntpath
import time:       975 |       5111 |                         pathlib
import time:        70 |         70 |                         pickle5
import time:        94 |         94 |                             _struct
import time:       210 |        303 |                           struct
import time:       423 |        423 |                           _compat_pickle
import time:       151 |        151 |                           _pickle
import time:      1178 |       2053 |                         pickle
import time:       351 |       7583 |                       numpy.compat.py3k
import time:       212 |       7795 |                     numpy.compat
import time:       236 |        236 |                     numpy.core._dtype
import time:       529 |       8558 |                   numpy.core._type_aliases
import time:       527 |       9249 |                 numpy.core.numerictypes
import time:       156 |        156 |                             _contextvars
import time:       180 |        336 |                           contextvars
import time:       292 |        628 |                         numpy.core._ufunc_config
import time:       320 |        947 |                       numpy.core._methods
import time:      1387 |       2334 |                     numpy.core.fromnumeric
import time:       586 |       2919 |                   numpy.core.shape_base
import time:       862 |        862 |                   numpy.core.arrayprint
import time:       166 |        166 |                   numpy.core._asarray
import time:      1277 |       5222 |                 numpy.core.numeric
import time:      1068 |       1068 |                 numpy.core.defchararray
import time:       477 |        477 |                 numpy.core.records
import time:       228 |        228 |                 numpy.core.memmap
import time:       294 |        294 |                 numpy.core.function_base
import time:       188 |        188 |                 numpy.core._machar
import time:       367 |        367 |                 numpy.core.getlimits
import time:       363 |        363 |                 numpy.core.einsumfunc
import time:       330 |        330 |                   numpy.core._multiarray_tests
import time:      1569 |       1898 |                 numpy.core._add_newdocs
import time:       461 |        461 |                 numpy.core._add_newdocs_scalars
import time:       236 |        236 |                 numpy.core._dtype_ctypes
import time:       489 |        489 |                     _ctypes
import time:       334 |        334 |                     ctypes._endian
import time:      1123 |       1945 |                   ctypes
import time:       878 |       2823 |                 numpy.core._internal
import time:       181 |        181 |                 numpy._pytesttester
import time:      1469 |      35176 |               numpy.core
import time:        59 |      35235 |             numpy.core._multiarray_umath
import time:       370 |      35604 |           numpy.__config__
import time:       313 |        313 |             numpy.lib.mixins
import time:       161 |        161 |                 numpy.lib.ufunclike
import time:       419 |        580 |               numpy.lib.type_check
import time:       368 |        947 |             numpy.lib.scimath
import time:        53 |         53 |                         _typing
import time:      3199 |       3252 |                       typing
import time:       265 |        265 |                         numpy.lib.stride_tricks
import time:       457 |        721 |                       numpy.lib.twodim_base
import time:       411 |        411 |                       numpy.linalg._umath_linalg
import time:       302 |        302 |                         numpy._typing._nested_sequence
import time:       120 |        120 |                         numpy._typing._nbit
import time:      1072 |       1072 |                         numpy._typing._char_codes
import time:       416 |        416 |                         numpy._typing._scalars
import time:       148 |        148 |                         numpy._typing._shape
import time:      1881 |       1881 |                         numpy._typing._dtype_like
import time:      2532 |       2532 |                         numpy._typing._array_like
import time:       949 |       7416 |                       numpy._typing
import time:      1991 |      13789 |                     numpy.linalg.linalg
import time:       176 |      13965 |                   numpy.linalg
import time:       357 |      14321 |                 numpy.matrixlib.defmatrix
import time:       193 |      14514 |               numpy.matrixlib
import time:       363 |        363 |                 numpy.lib.histograms
import time:      1531 |       1894 |               numpy.lib.function_base
import time:      1457 |      17864 |             numpy.lib.index_tricks
import time:       636 |        636 |             numpy.lib.nanfunctions
import time:       467 |        467 |             numpy.lib.shape_base
import time:       764 |        764 |             numpy.lib.polynomial
import time:       100 |        100 |                 _wmi
import time:      1062 |       1162 |               platform
import time:       855 |       2016 |             numpy.lib.utils
import time:       473 |        473 |             numpy.lib.arraysetops
import time:       280 |        280 |               numpy.lib.format
import time:       295 |        295 |               numpy.lib._datasource
import time:       436 |        436 |               numpy.lib._iotools
import time:       923 |       1932 |             numpy.lib.npyio
import time:       185 |        185 |             numpy.lib.arrayterator
import time:       273 |        273 |             numpy.lib.arraypad
import time:       165 |        165 |             numpy.lib._version
import time:      1184 |      27214 |           numpy.lib
import time:       170 |        170 |               numpy.fft._pocketfft_internal
import time:       582 |        751 |             numpy.fft._pocketfft
import time:       192 |        192 |             numpy.fft.helper
import time:       274 |       1215 |           numpy.fft
import time:       270 |        270 |               numpy.polynomial.polyutils
import time:       566 |        566 |               numpy.polynomial._polybase
import time:       577 |       1411 |             numpy.polynomial.polynomial
import time:       437 |        437 |             numpy.polynomial.chebyshev
import time:       415 |        415 |             numpy.polynomial.legendre
import time:       448 |        448 |             numpy.polynomial.hermite
import time:       378 |        378 |             numpy.polynomial.hermite_e
import time:       370 |        370 |             numpy.polynomial.laguerre
import time:       481 |       3937 |           numpy.polynomial
import time:       872 |        872 |                     backports_abc
import time:       830 |       1702 |                   numpy.random._common
import time:        96 |         96 |                       binascii
import time:       337 |        433 |                     base64
import time:      2619 |       2619 |                       _hashlib
import time:        77 |         77 |                         _blake2
import time:       349 |        426 |                       hashlib
import time:       358 |       3402 |                     hmac
import time:        38 |         38 |                         _bisect
import time:       208 |        245 |                       bisect
import time:        42 |         42 |                       _random
import time:        53 |         53 |                       _sha2
import time:       647 |        986 |                     random
import time:       277 |       5097 |                   secrets
import time:       687 |       7485 |                 numpy.random.bit_generator
import time:       317 |        317 |                 numpy.random._bounded_integers
import time:       245 |        245 |                 numpy.random._mt19937
import time:      1157 |       9203 |               numpy.random.mtrand
import time:       285 |        285 |               numpy.random._philox
import time:       281 |        281 |               numpy.random._pcg64
import time:       240 |        240 |               numpy.random._sfc64
import time:       722 |        722 |               numpy.random._generator
import time:       455 |      11184 |             numpy.random._pickle
import time:       274 |      11457 |           numpy.random
import time:       548 |        548 |           numpy.ctypeslib
import time:      3534 |       3534 |             numpy.ma.core
import time:      1381 |       1381 |             numpy.ma.extras
import time:       328 |       5242 |           numpy.ma
import time:      2067 |      88083 |         numpy
import time:       338 |      89889 |       h5py.version
import time:        95 |         95 |                 numpy._core
import time:       233 |        327 |               numpy._core._multiarray_umath
import time:       170 |        170 |               h5py.utils
import time:        67 |         67 |                   _locale
import time:       728 |        794 |                 locale
import time:       461 |        461 |                 signal
import time:        54 |         54 |                 fcntl
import time:        52 |         52 |                 msvcrt
import time:        26 |         26 |                 _posixsubprocess
import time:        47 |         47 |                 select
import time:       389 |        389 |                 selectors
import time:       573 |       2392 |               subprocess
import time:      2105 |       4992 |             h5py.h5t
import time:       337 |        337 |             h5py.h5s
import time:       222 |        222 |             h5py.h5ac
import time:       820 |       6369 |           h5py.h5p
import time:       228 |       6597 |         h5py.h5r
import time:       163 |        163 |         h5py._proxy
import time:       422 |       7181 |       h5py._conv
import time:       193 |        193 |       h5py.h5z
import time:       351 |        351 |       h5py.h5a
import time:       550 |        550 |       h5py.h5d
import time:       260 |        260 |       h5py.h5ds
import time:       342 |        342 |         h5py.h5g
import time:       187 |        187 |         h5py.h5i
import time:       282 |        282 |         h5py.h5o
import time:       588 |       1397 |       h5py.h5f
import time:       260 |        260 |       h5py.h5fd
import time:       218 |        218 |       h5py.h5pl
import time:       100 |        100 |       h5py._hl
import time:       112 |        112 |           h5py._hl.compat
import time:       453 |        565 |         h5py._hl.base
import time:       303 |        867 |       h5py._hl.filters
import time:       341 |        341 |           h5py.h5l
import time:        48 |         48 |               backports_abc
import time:       375 |        422 |             h5py._selector
import time:       204 |        204 |             h5py._hl.selections
import time:       126 |        126 |             h5py._hl.selections2
import time:       114 |        114 |             h5py._hl.datatype
import time:       844 |        844 |             h5py._hl.vds
import time:       516 |       2224 |           h5py._hl.dataset
import time:       363 |       2927 |         h5py._hl.group
import time:       328 |       3254 |       h5py._hl.files
import time:        51 |         51 |           _uuid
import time:       335 |        385 |         uuid
import time:       316 |        701 |       h5py._hl.attrs
import time:       570 |     107433 |     h5py
import time:       117 |        117 |       packaging
import time:       102 |        102 |       packaging._structures
import time:      1689 |       1907 |     packaging.version
import time:       135 |        135 |         importlib._abc
import time:       125 |        260 |       importlib.util
import time:       716 |        975 |     six
import time:        45 |         45 |     six.moves
import time:        34 |         34 |     six.moves.urllib
import time:       181 |        181 |         pytz.exceptions
import time:       211 |        211 |         pytz.lazy
import time:       304 |        304 |         pytz.tzinfo
import time:       128 |        128 |         pytz.tzfile
import time:       478 |       1301 |       pytz
import time:       105 |        105 |             dateutil._version
import time:       159 |        263 |           dateutil
import time:       673 |        673 |             calendar
import time:        96 |         96 |             dateutil._common
import time:       186 |        186 |               dateutil.tz._common
import time:       149 |        149 |               dateutil.tz._factories
import time:        21 |         21 |                 six.moves.winreg
import time:       162 |        182 |               dateutil.tz.win
import time:       697 |       1212 |             dateutil.tz.tz
import time:       991 |       2970 |           dateutil.parser._parser
import time:       241 |        241 |           dateutil.parser.isoparser
import time:       183 |       3657 |         dateutil.parser
import time:       136 |       3793 |       digital_rf.util
import time:       888 |       5981 |     digital_rf.list_drf
import time:       122 |        122 |             _json
import time:       262 |        384 |           json.scanner
import time:       341 |        725 |         json.decoder
import time:       346 |        346 |         json.encoder
import time:       160 |       1230 |       json
import time:       119 |       1348 |     digital_rf._version
import time:       341 |        341 |           sysconfig
import time:       468 |        468 |           _sysconfigdata__x86_64-linux-gnu
import time:       559 |       1367 |         pandas.compat._constants
import time:       172 |        172 |         pandas.compat.compressors
import time:        78 |         78 |             pandas.util
import time:      1534 |       1612 |           pandas.util.version
import time:       192 |       1803 |         pandas.compat.numpy
import time:        42 |         42 |           pyarrow
import time:       105 |        147 |         pandas.compat.pyarrow
import time:       188 |       3675 |       pandas.compat
import time:      2110 |       2110 |           pandas._typing
import time:       143 |        143 |           pandas.util._exceptions
import time:       673 |       2925 |         pandas._config.config
import time:       187 |        187 |         pandas._config.dates
import time:       123 |        123 |         pandas._config.display
import time:       168 |       3401 |       pandas._config
import time:        86 |         86 |         pandas.core
import time:       660 |        745 |       pandas.core.config_init
import time:       157 |        157 |           pandas._libs.pandas_parser
import time:       122 |        122 |           pandas._libs.pandas_datetime
import time:       153 |        153 |                       pandas._libs.tslibs.ccalendar
import time:       254 |        254 |                       pandas._libs.tslibs.np_datetime
import time:       718 |       1124 |                     pandas._libs.tslibs.dtypes
import time:       153 |        153 |                       pandas._libs.tslibs.base
import time:       274 |        274 |                           pandas._libs.tslibs.nattype
import time:       140 |        140 |                               pandas.compat._optional
import time:       170 |        170 |                                 zoneinfo._tzpath
import time:       145 |        145 |                                 zoneinfo._common
import time:       161 |        161 |                                 _zoneinfo
import time:       155 |        629 |                               zoneinfo
import time:       369 |       1136 |                             pandas._libs.tslibs.timezones
import time:       561 |        561 |                               _strptime
import time:       185 |        185 |                               pandas._config.localization
import time:       437 |       1182 |                             pandas._libs.tslibs.fields
import time:       723 |       3040 |                           pandas._libs.tslibs.timedeltas
import time:       322 |        322 |                           pandas._libs.tslibs.tzconversion
import time:        60 |         60 |                           backports_abc
import time:       739 |       4432 |                         pandas._libs.tslibs.timestamps
import time:        51 |         51 |                         backports_abc
import time:       170 |        170 |                         pandas._libs.properties
import time:      2192 |       6844 |                       pandas._libs.tslibs.offsets
import time:        49 |         49 |                         backports_abc
import time:       568 |        568 |                         pandas._libs.tslibs.strptime
import time:       629 |       1245 |                       pandas._libs.tslibs.parsing
import time:       474 |       8715 |                     pandas._libs.tslibs.conversion
import time:       472 |        472 |                     pandas._libs.tslibs.period
import time:       332 |        332 |                     pandas._libs.tslibs.vectorized
import time:       170 |      10811 |                   pandas._libs.tslibs
import time:        26 |      10836 |                 pandas._libs.tslibs.nattype
import time:       145 |        145 |                 pandas._libs.ops_dispatch
import time:       329 |      11309 |               pandas._libs.missing
import time:      1002 |      12311 |             pandas._libs.hashtable
import time:       480 |        480 |             pandas._libs.algos
import time:       506 |      13296 |           pandas._libs.interval
import time:       129 |      13702 |         pandas._libs
import time:       125 |        125 |           pandas.core.dtypes
import time:        52 |         52 |             pyarrow
import time:       738 |        790 |           pandas._libs.lib
import time:       536 |        536 |           pandas.errors
import time:       416 |        416 |             pandas.core.dtypes.generic
import time:       256 |        671 |           pandas.core.dtypes.base
import time:       147 |        147 |           pandas.core.dtypes.inference
import time:      1166 |       3433 |         pandas.core.dtypes.dtypes
import time:       219 |        219 |           pandas.core.dtypes.common
import time:       269 |        488 |         pandas.core.dtypes.missing
import time:       167 |        167 |           pandas.util._decorators
import time:        92 |         92 |               pandas.io
import time:       153 |        245 |             pandas.io._util
import time:       477 |        721 |           pandas.core.dtypes.cast
import time:       119 |        119 |             pandas.core.dtypes.astype
import time:       144 |        263 |           pandas.core.dtypes.concat
import time:        82 |         82 |             pandas.core.array_algos
import time:       196 |        196 |               pandas.core.common
import time:       213 |        409 |             pandas.core.construction
import time:       301 |        791 |           pandas.core.array_algos.take
import time:       163 |        163 |             pandas.core.indexers.utils
import time:       187 |        349 |           pandas.core.indexers
import time:       527 |       2816 |         pandas.core.algorithms
import time:       202 |        202 |             pandas.core.arrays.arrow.accessors
import time:        52 |         52 |               unicodedata
import time:       151 |        151 |               pandas.util._validators
import time:       242 |        242 |               pandas.core.missing
import time:       269 |        269 |                   pandas._libs.ops
import time:       108 |        108 |                   pandas.core.roperator
import time:        86 |         86 |                   pandas.core.computation
import time:       150 |        150 |                     pandas.core.computation.check
import time:       768 |        918 |                   pandas.core.computation.expressions
import time:       111 |        111 |                   pandas.core.ops.missing
import time:        81 |         81 |                   pandas.core.ops.dispatch
import time:        93 |         93 |                   pandas.core.ops.invalid
import time:       323 |       1986 |                 pandas.core.ops.array_ops
import time:       133 |        133 |                 pandas.core.ops.common
import time:       142 |        142 |                 pandas.core.ops.docstrings
import time:       104 |        104 |                 pandas.core.ops.mask_ops
import time:       146 |       2509 |               pandas.core.ops
import time:       248 |        248 |               pandas.core.arraylike
import time:       142 |        142 |               pandas.core.arrays._arrow_string_mixins
import time:       100 |        100 |               pandas.core.arrays._utils
import time:      1158 |       1158 |                 pandas.compat.numpy.function
import time:       108 |        108 |                 pandas.core.array_algos.quantile
import time:       183 |        183 |                 pandas.core.sorting
import time:       620 |       2068 |               pandas.core.arrays.base
import time:       625 |        625 |                 pandas.core.nanops
import time:       111 |        111 |                 pandas.core.array_algos.masked_accumulations
import time:       113 |        113 |                 pandas.core.array_algos.masked_reductions
import time:        80 |         80 |                   pandas.core.util
import time:       293 |        293 |                   pandas._libs.hashing
import time:       185 |        556 |                 pandas.core.util.hashing
import time:       840 |       2244 |               pandas.core.arrays.masked
import time:       197 |        197 |                 pandas._libs.arrays
import time:       179 |        179 |                   pandas.core.arrays.numeric
import time:       207 |        385 |                 pandas.core.arrays.floating
import time:       283 |        283 |                 pandas.core.arrays.integer
import time:        85 |         85 |                     pandas.core.array_algos.transforms
import time:       442 |        526 |                   pandas.core.arrays._mixins
import time:        93 |         93 |                     pandas.core.strings
import time:       219 |        219 |                     pandas.core.strings.base
import time:       367 |        678 |                   pandas.core.strings.object_array
import time:       352 |       1555 |                 pandas.core.arrays.numpy_
import time:       395 |       2814 |               pandas.core.arrays.string_
import time:        93 |         93 |                 pandas.tseries
import time:       312 |        404 |               pandas.tseries.frequencies
import time:      1197 |      12165 |             pandas.core.arrays.arrow.array
import time:       132 |      12497 |           pandas.core.arrays.arrow
import time:       317 |        317 |           pandas.core.arrays.boolean
import time:        47 |         47 |               _csv
import time:       264 |        310 |             csv
import time:       289 |        289 |             pandas.core.accessor
import time:       542 |        542 |             pandas.core.base
import time:        97 |         97 |             pandas.io.formats
import time:       177 |        177 |             pandas.io.formats.console
import time:       703 |       2116 |           pandas.core.arrays.categorical
import time:       458 |        458 |             pandas._libs.tslib
import time:        98 |         98 |               pandas.core.array_algos.datetimelike_accumulations
import time:      1005 |       1103 |             pandas.core.arrays.datetimelike
import time:       119 |        119 |             pandas.core.arrays._ranges
import time:        93 |         93 |             pandas.tseries.offsets
import time:       536 |       2306 |           pandas.core.arrays.datetimes
import time:       447 |        447 |             pandas.core.arrays.timedeltas
import time:       960 |       1407 |           pandas.core.arrays.interval
import time:       441 |        441 |           pandas.core.arrays.period
import time:       316 |        316 |                 pandas._libs.sparse
import time:       796 |        796 |                 pandas.io.formats.printing
import time:       663 |       1774 |               pandas.core.arrays.sparse.array
import time:       229 |       2002 |             pandas.core.arrays.sparse.accessor
import time:       118 |       2120 |           pandas.core.arrays.sparse
import time:       365 |        365 |           pandas.core.arrays.string_arrow
import time:       185 |      21750 |         pandas.core.arrays
import time:       136 |        136 |         pandas.core.flags
import time:        65 |         65 |                 backports_abc
import time:       433 |        497 |               pandas._libs.internals
import time:        83 |         83 |                 pandas.core._numba
import time:       188 |        271 |               pandas.core._numba.executor
import time:       640 |       1407 |             pandas.core.apply
import time:       164 |        164 |                   pandas._libs.indexing
import time:        86 |         86 |                     pandas.core.indexes
import time:        53 |         53 |                         backports_abc
import time:       751 |        804 |                       pandas._libs.index
import time:       248 |        248 |                       pandas._libs.writers
import time:       294 |        294 |                       pandas._libs.join
import time:       110 |        110 |                       pandas.core.array_algos.putmask
import time:       128 |        128 |                       pandas.core.indexes.frozen
import time:      1795 |       1795 |                       pandas.core.strings.accessor
import time:      1710 |       5086 |                     pandas.core.indexes.base
import time:       176 |        176 |                       pandas.core.indexes.extension
import time:       269 |        444 |                     pandas.core.indexes.category
import time:       472 |        472 |                         pandas.core.indexes.range
import time:        95 |         95 |                           pandas.core.tools
import time:       168 |        263 |                         pandas.core.tools.timedeltas
import time:       670 |       1403 |                       pandas.core.indexes.datetimelike
import time:       125 |        125 |                       pandas.core.tools.times
import time:       757 |       2285 |                     pandas.core.indexes.datetimes
import time:      1121 |       1121 |                       pandas.core.indexes.multi
import time:       240 |        240 |                       pandas.core.indexes.timedeltas
import time:       670 |       2030 |                     pandas.core.indexes.interval
import time:       890 |        890 |                     pandas.core.indexes.period
import time:       246 |      11064 |                   pandas.core.indexes.api
import time:      1011 |      12238 |                 pandas.core.indexing
import time:       111 |        111 |                 pandas.core.sample
import time:       105 |        105 |                 pandas.core.array_algos.replace
import time:       756 |        756 |                     pandas.core.internals.blocks
import time:       122 |        878 |                   pandas.core.internals.api
import time:       253 |        253 |                     pandas.core.internals.base
import time:       325 |        325 |                       pandas.core.internals.ops
import time:       628 |        953 |                     pandas.core.internals.managers
import time:       429 |       1634 |                   pandas.core.internals.array_manager
import time:       233 |        233 |                   pandas.core.internals.concat
import time:       120 |       2863 |                 pandas.core.internals
import time:       250 |        250 |                 pandas.core.internals.construction
import time:        92 |         92 |                   pandas.core.methods
import time:        73 |         73 |                     pandas.core.reshape
import time:       298 |        370 |                   pandas.core.reshape.concat
import time:       338 |        338 |                       gzip
import time:       176 |        176 |                       mmap
import time:        44 |         44 |                         pwd
import time:        36 |         36 |                         grp
import time:      1009 |       1088 |                       tarfile
import time:        92 |         92 |                           zipfile._path.glob
import time:       289 |        380 |                         zipfile._path
import time:       694 |       1074 |                       zipfile
import time:       111 |        111 |                       pandas.core.shared_docs
import time:      1471 |       4254 |                     pandas.io.common
import time:       843 |       5097 |                   pandas.io.formats.format
import time:       275 |       5833 |                 pandas.core.methods.describe
import time:        76 |         76 |                       pandas._libs.window
import time:      1127 |       1202 |                     pandas._libs.window.aggregations
import time:       219 |        219 |                       pandas._libs.window.indexers
import time:       357 |        576 |                     pandas.core.indexers.objects
import time:       114 |        114 |                     pandas.core.util.numba_
import time:       114 |        114 |                     pandas.core.window.common
import time:       157 |        157 |                     pandas.core.window.doc
import time:       147 |        147 |                     pandas.core.window.numba_
import time:       203 |        203 |                     pandas.core.window.online
import time:      1477 |       1477 |                     pandas.core.window.rolling
import time:       617 |       4602 |                   pandas.core.window.ewm
import time:       963 |        963 |                   pandas.core.window.expanding
import time:       125 |       5688 |                 pandas.core.window
import time:      4845 |      31929 |               pandas.core.generic
import time:       198 |        198 |               pandas.core.methods.selectn
import time:        82 |         82 |                 pandas.core.reshape.util
import time:       133 |        133 |                 pandas.core.tools.numeric
import time:       272 |        486 |               pandas.core.reshape.melt
import time:       259 |        259 |                 pandas._libs.reshape
import time:       980 |        980 |                 pandas.core.indexes.accessors
import time:        93 |         93 |                   pandas.arrays
import time:       579 |        671 |                 pandas.core.tools.datetimes
import time:       755 |        755 |                 pandas.io.formats.info
import time:       787 |        787 |                   pandas.plotting._core
import time:       198 |        198 |                   pandas.plotting._misc
import time:       135 |       1119 |                 pandas.plotting
import time:      3012 |       6793 |               pandas.core.series
import time:      5546 |      44950 |             pandas.core.frame
import time:      1008 |       1008 |             pandas.core.groupby.base
import time:        50 |         50 |                 backports_abc
import time:       503 |        552 |               pandas._libs.groupby
import time:        88 |         88 |                 pandas.core.groupby.categorical
import time:       409 |        496 |               pandas.core.groupby.grouper
import time:       460 |       1508 |             pandas.core.groupby.ops
import time:       127 |        127 |               pandas.core.groupby.numba_
import time:       252 |        252 |               pandas.core.groupby.indexing
import time:      1804 |       2183 |             pandas.core.groupby.groupby
import time:      1649 |      52701 |           pandas.core.groupby.generic
import time:       127 |      52827 |         pandas.core.groupby
import time:       194 |      95341 |       pandas.core.api
import time:       104 |        104 |       pandas.tseries.api
import time:        68 |         68 |               pandas.core.computation.common
import time:       127 |        194 |             pandas.core.computation.align
import time:       186 |        186 |               pandas.core.computation.scope
import time:       401 |        586 |             pandas.core.computation.ops
import time:       150 |        929 |           pandas.core.computation.engines
import time:       108 |        108 |             pandas.core.computation.parsing
import time:       934 |       1041 |           pandas.core.computation.expr
import time:       138 |       2107 |         pandas.core.computation.eval
import time:        94 |       2201 |       pandas.core.computation.api
import time:       141 |        141 |         pandas.core.reshape.encoding
import time:       706 |        706 |         pandas.core.reshape.merge
import time:       598 |        598 |         pandas.core.reshape.pivot
import time:       195 |        195 |         pandas.core.reshape.tile
import time:       142 |       1779 |       pandas.core.reshape.api
import time:       110 |        110 |         pandas.api.extensions
import time:        83 |         83 |         pandas.api.indexers
import time:        67 |         67 |             pandas.core.interchange
import time:       720 |        787 |           pandas.core.interchange.dataframe_protocol
import time:       205 |        205 |             pandas.core.interchange.utils
import time:       203 |        407 |           pandas.core.interchange.from_dataframe
import time:        99 |       1292 |         pandas.api.interchange
import time:        79 |         79 |           pandas.core.dtypes.api
import time:       105 |        184 |         pandas.api.types
import time:      1090 |       1090 |           pandas.core.resample
import time:       152 |        152 |                 pandas._libs.json
import time:       157 |        157 |                 pandas.io.json._normalize
import time:       160 |        160 |                 pandas.io.json._table_schema
import time:        57 |         57 |                         backports_abc
import time:       492 |        549 |                       pandas._libs.parsers
import time:       555 |        555 |                         pandas.io.parsers.base_parser
import time:       194 |        748 |                       pandas.io.parsers.arrow_parser_wrapper
import time:       186 |        186 |                       pandas.io.parsers.c_parser_wrapper
import time:       359 |        359 |                       pandas.io.parsers.python_parser
import time:      1460 |       3300 |                     pandas.io.parsers.readers
import time:       104 |       3403 |                   pandas.io.parsers
import time:        28 |       3430 |                 pandas.io.parsers.readers
import time:       831 |       4727 |               pandas.io.json._json
import time:       104 |       4831 |             pandas.io.json
import time:        31 |       4862 |           pandas.io.json._json
import time:      1816 |       1816 |           pandas.io.stata
import time:       122 |       7889 |         pandas.api.typing
import time:       177 |       9733 |       pandas.api
import time:     13342 |      13342 |               tempfile
import time:       185 |      13527 |             pandas._testing.contexts
import time:       142 |      13669 |           pandas._testing._io
import time:       158 |        158 |           pandas._testing._warnings
import time:        50 |         50 |               cmath
import time:       255 |        305 |             pandas._libs.testing
import time:       326 |        630 |           pandas._testing.asserters
import time:       102 |        102 |           pandas._testing.compat
import time:       343 |      14901 |         pandas._testing
import time:       115 |      15015 |       pandas.testing
import time:       133 |        133 |       pandas.util._print_versions
import time:       116 |        116 |         pandas.io.clipboards
import time:       148 |        148 |             pandas.io.excel._util
import time:       250 |        250 |             pandas.io.excel._calamine
import time:       266 |        266 |             pandas.io.excel._odfreader
import time:       353 |        353 |             pandas.io.excel._openpyxl
import time:       185 |        185 |             pandas.io.excel._pyxlsb
import time:       229 |        229 |             pandas.io.excel._xlrd
import time:      1326 |       2755 |           pandas.io.excel._base
import time:       210 |        210 |           pandas.io.excel._odswriter
import time:       328 |        328 |           pandas.io.excel._xlsxwriter
import time:       117 |       3408 |         pandas.io.excel
import time:       208 |        208 |         pandas.io.feather_format
import time:       112 |        112 |         pandas.io.gbq
import time:       622 |        622 |         pandas.io.html
import time:       148 |        148 |         pandas.io.orc
import time:       492 |        492 |         pandas.io.parquet
import time:       186 |        186 |           pandas.compat.pickle_compat
import time:       272 |        458 |         pandas.io.pickle
import time:       400 |        400 |           pandas.core.computation.pytables
import time:      1567 |       1967 |         pandas.io.pytables
import time:       222 |        222 |           pandas.io.sas.sasreader
import time:       121 |        343 |         pandas.io.sas
import time:       114 |        114 |         pandas.io.spss
import time:       721 |        721 |         pandas.io.sql
import time:       643 |        643 |         pandas.io.xml
import time:       247 |       9592 |       pandas.io.api
import time:       116 |        116 |       pandas.util._tester
import time:        81 |         81 |       pandas._version_meson
import time:       328 |     142238 |     pandas
import time:       566 |     262740 |   digital_rf.digital_metadata
import time:      3577 |       3577 |     digital_rf._py_rf_write_hdf5
import time:       519 |       4095 |   digital_rf.digital_rf_hdf5
import time:       173 |        173 |     filecmp
import time:       100 |        100 |       watchdog
import time:       248 |        248 |         watchdog.utils
import time:       149 |        397 |       watchdog.utils.patterns
import time:       780 |       1276 |     watchdog.events
import time:        71 |         71 |           watchdog.utils.platform
import time:        31 |         31 |                   _heapq
import time:       131 |        161 |                 heapq
import time:       171 |        171 |                 _queue
import time:       218 |        549 |               queue
import time:       118 |        118 |               watchdog.utils.bricks
import time:       316 |        982 |             watchdog.observers.api
import time:       159 |        159 |                 ctypes.util
import time:       459 |        617 |               watchdog.observers.inotify_c
import time:       174 |        174 |               watchdog.utils.delayed_queue
import time:       170 |        960 |             watchdog.observers.inotify_buffer
import time:       244 |       2185 |           watchdog.observers.inotify
import time:       169 |       2425 |         watchdog.observers
import time:       223 |        223 |           watchdog.utils.dirsnapshot
import time:       205 |        427 |         watchdog.observers.polling
import time:       239 |       3090 |       digital_rf.watchdog_drf
import time:       464 |       3553 |     digital_rf.ringbuffer
import time:       285 |       5286 |   digital_rf.mirror
import time:       335 |     276654 | digital_rf
import time:      1268 |       1268 | configparser
import time:       213 |        213 |   polars._cpu_check
import time:      3316 |       3316 |   polars.polars
import time:        80 |         80 |                       polars._utils.constants
import time:       193 |        272 |                     polars._utils.convert
import time:        94 |         94 |                     polars._utils.scan
import time:      1490 |       1490 |                           polars.datatypes.classes
import time:       463 |        463 |                             polars.dependencies
import time:       329 |        792 |                           polars.datatypes.convert
import time:       175 |       2455 |                         polars.datatypes._parse
import time:        92 |         92 |                         polars.datatypes.constants
import time:       162 |        162 |                         polars.datatypes.constructor
import time:       117 |       2825 |                       polars.datatypes
import time:       218 |        218 |                       polars.datatypes.group
import time:       440 |       3481 |                     polars._utils.various
import time:        89 |       3935 |                   polars._utils
import time:       245 |        245 |                     polars.exceptions
import time:       200 |        445 |                   polars._utils.parse.expr
import time:       107 |       4485 |                 polars._utils.parse
import time:        94 |         94 |                 polars._utils.wrap
import time:       138 |       4717 |               polars.functions.aggregation.horizontal
import time:        93 |         93 |               polars.functions.aggregation.vertical
import time:       113 |       4922 |             polars.functions.aggregation
import time:        80 |         80 |               polars._utils.unstable
import time:       171 |        250 |             polars.functions.as_datatype
import time:        86 |         86 |             polars.functions.business
import time:       134 |        134 |             polars.functions.col
import time:      1770 |       1770 |               polars._typing
import time:       200 |       1969 |             polars.functions.eager
import time:       110 |        110 |             polars.functions.escape_regex
import time:       183 |        183 |               polars._utils.async_
import time:       149 |        149 |               polars._utils.deprecation
import time:       521 |        852 |             polars.functions.lazy
import time:       106 |        106 |             polars.functions.len
import time:       125 |        125 |             polars.functions.lit
import time:        72 |         72 |             polars.functions.random
import time:        65 |         65 |                 polars.functions.range._utils
import time:       170 |        234 |               polars.functions.range.date_range
import time:       115 |        115 |               polars.functions.range.datetime_range
import time:       119 |        119 |               polars.functions.range.int_range
import time:       168 |        168 |               polars.functions.range.linear_space
import time:       129 |        129 |               polars.functions.range.time_range
import time:       101 |        864 |             polars.functions.range
import time:       148 |        148 |             polars.functions.repeat
import time:       104 |        104 |             polars.functions.whenthen
import time:       197 |       9933 |           polars.functions
import time:       137 |        137 |               polars._utils.construction.utils
import time:        70 |         70 |                   polars._utils.polars_version
import time:       107 |        177 |                 polars.meta.build
import time:        70 |         70 |                 polars.meta.index_type
import time:        93 |         93 |                 polars.meta.thread_pool
import time:        88 |         88 |                 polars.meta.versions
import time:       108 |        534 |               polars.meta
import time:       520 |       1190 |             polars._utils.construction.dataframe
import time:       104 |        104 |             polars._utils.construction.other
import time:       217 |        217 |             polars._utils.construction.series
import time:       102 |       1612 |           polars._utils.construction
import time:       142 |        142 |             polars._utils.slice
import time:       185 |        327 |           polars._utils.getitem
import time:        93 |         93 |           polars._utils.pycapsule
import time:        88 |         88 |           polars._utils.serde
import time:       146 |        146 |           polars.dataframe._html
import time:       287 |        287 |           polars.dataframe.group_by
import time:       129 |        129 |           polars.dataframe.plotting
import time:       903 |        903 |               polars.interchange.protocol
import time:        94 |        997 |             polars.interchange
import time:        23 |       1019 |           polars.interchange.protocol
import time:       207 |        207 |           polars.schema
import time:       175 |        175 |                 polars.expr.array
import time:       140 |        140 |                 polars.expr.binary
import time:        95 |         95 |                 polars.expr.categorical
import time:       385 |        385 |                 polars.expr.datetime
import time:       255 |        255 |                 polars.expr.list
import time:       234 |        234 |                 polars.expr.meta
import time:       120 |        120 |                 polars.expr.name
import time:       514 |        514 |                 polars.expr.string
import time:       148 |        148 |                 polars.expr.struct
import time:      2015 |       4077 |               polars.expr.expr
import time:       231 |        231 |               polars.expr.whenthen
import time:       107 |       4414 |             polars.expr
import time:       416 |       4829 |           polars.selectors
import time:      1995 |      20660 |         polars.dataframe.frame
import time:        80 |      20739 |       polars.dataframe
import time:       129 |        129 |         polars.lazyframe.engine_config
import time:       191 |        191 |           polars.lazyframe.group_by
import time:        91 |         91 |           polars.lazyframe.in_process
import time:      1374 |       1655 |         polars.lazyframe.frame
import time:       117 |       1900 |       polars.lazyframe
import time:        99 |         99 |           polars.datatypes._utils
import time:       141 |        141 |             polars.series.utils
import time:       508 |        648 |           polars.series.array
import time:       261 |        261 |           polars.series.binary
import time:       276 |        276 |           polars.series.categorical
import time:       845 |        845 |           polars.series.datetime
import time:       768 |        768 |           polars.series.list
import time:       151 |        151 |           polars.series.plotting
import time:      1066 |       1066 |           polars.series.string
import time:       211 |        211 |           polars.series.struct
import time:      3718 |       8037 |         polars.series.series
import time:       105 |       8142 |       polars.series
import time:        90 |      30869 |     polars._reexport
import time:       227 |      31096 |   polars.api
import time:       154 |        154 |   polars.plugins
import time:        76 |         76 |     polars.catalog
import time:      1896 |       1896 |       polars.catalog.unity.models
import time:       248 |       2143 |     polars.catalog.unity.client
import time:       123 |       2341 |   polars.catalog.unity
import time:       831 |        831 |   polars.config
import time:       281 |        281 |     polars.convert.general
import time:       143 |        143 |     polars.convert.normalize
import time:       121 |        544 |   polars.convert
import time:       135 |        135 |       polars.io._utils
import time:       131 |        266 |     polars.io.avro
import time:        72 |         72 |             polars.io.csv._utils
import time:       164 |        236 |           polars.io.csv.batched_reader
import time:        73 |         73 |                         polars._utils.logging
import time:       521 |        594 |                       polars.io.cloud.credential_provider._providers
import time:       105 |        699 |                     polars.io.cloud.credential_provider
import time:        21 |        720 |                   polars.io.cloud.credential_provider._providers
import time:        97 |        816 |                 polars.io.cloud
import time:        16 |        832 |               polars.io.cloud.credential_provider
import time:       254 |       1085 |             polars.io.cloud.credential_provider._builder
import time:       534 |       1619 |           polars.io.csv.functions
import time:        88 |       1941 |         polars.io.csv
import time:       107 |       2048 |       polars.io.csv.functions
import time:        79 |       2126 |     polars.io.clipboard
import time:        95 |         95 |                   concurrent
import time:       522 |        522 |                   concurrent.futures._base
import time:       137 |        752 |                 concurrent.futures
import time:       198 |        198 |                   _socket
import time:       569 |        569 |                   array
import time:      1209 |       1975 |                 socket
import time:       895 |        895 |                   _ssl
import time:      1792 |       2686 |                 ssl
import time:       199 |        199 |                 asyncio.constants
import time:       104 |        104 |                 asyncio.coroutines
import time:        99 |         99 |                   asyncio.format_helpers
import time:       199 |        199 |                     asyncio.base_futures
import time:       156 |        156 |                     asyncio.exceptions
import time:       103 |        103 |                     asyncio.base_tasks
import time:       266 |        722 |                   _asyncio
import time:       392 |       1212 |                 asyncio.events
import time:       186 |        186 |                 asyncio.futures
import time:       148 |        148 |                 asyncio.protocols
import time:       192 |        192 |                   asyncio.transports
import time:        72 |         72 |                   asyncio.log
import time:       525 |        787 |                 asyncio.sslproto
import time:        82 |         82 |                     asyncio.mixins
import time:       346 |        428 |                   asyncio.locks
import time:       331 |        331 |                     asyncio.timeouts
import time:       337 |        667 |                   asyncio.tasks
import time:       223 |       1316 |                 asyncio.staggered
import time:       129 |        129 |                 asyncio.trsock
import time:       820 |      10309 |               asyncio.base_events
import time:       253 |        253 |               asyncio.runners
import time:       203 |        203 |               asyncio.queues
import time:       307 |        307 |               asyncio.streams
import time:       179 |        179 |               asyncio.subprocess
import time:       116 |        116 |               asyncio.taskgroups
import time:        68 |         68 |               asyncio.threads
import time:       226 |        226 |                 asyncio.base_subprocess
import time:       442 |        442 |                 asyncio.selector_events
import time:       674 |       1340 |               asyncio.unix_events
import time:       178 |      12949 |             asyncio
import time:       264 |        264 |             concurrent.futures.thread
import time:       120 |      13333 |           polars.io.database._utils
import time:       131 |      13463 |         polars.io.database._cursor_proxies
import time:       170 |        170 |           polars.io.database._arrow_registry
import time:       153 |        153 |           polars.io.database._inference
import time:       270 |        592 |         polars.io.database._executor
import time:       162 |      14216 |       polars.io.database.functions
import time:        97 |      14312 |     polars.io.database
import time:       274 |        274 |         polars.io.parquet.functions
import time:        83 |        357 |       polars.io.parquet
import time:        86 |         86 |             polars.io.pyarrow_dataset.anonymous_scan
import time:       122 |        208 |           polars.io.pyarrow_dataset.functions
import time:        80 |        287 |         polars.io.pyarrow_dataset
import time:        18 |        305 |       polars.io.pyarrow_dataset.functions
import time:       153 |        814 |     polars.io.delta
import time:       170 |        170 |     polars.io.iceberg
import time:       401 |        401 |       polars.io.ipc.functions
import time:        88 |        488 |     polars.io.ipc
import time:       115 |        115 |       polars.io.json.read
import time:        97 |        212 |     polars.io.json
import time:       160 |        160 |     polars.io.ndjson
import time:       429 |        429 |       polars.io.spreadsheet.functions
import time:        94 |        522 |     polars.io.spreadsheet
import time:       133 |      19200 |   polars.io
import time:       293 |        293 |     polars.sql.context
import time:        99 |         99 |     polars.sql.functions
import time:       111 |        502 |   polars.sql
import time:       112 |        112 |   polars.string_cache
import time:       643 |      58947 | polars
import time:       186 |        186 | polars.io.cloud._utils
